11 Mar 2025 10:53:36,758 INFO  ro.mpp2024.CarsDBRepository 25 <init> - Initializing CarsDBRepository with properties: {jdbc.url=jdbc:sqlite:C:/Users/Personal PC/Videos/UBB Info/an2/an2 sem1/metode avansate de programare/cars.db} 
11 Mar 2025 10:53:36,777 TRACE ro.mpp2024.CarsDBRepository 90 add - Enter saving task Id=0 Tesla Model S 2019
11 Mar 2025 10:53:36,777 TRACE ro.mpp2024.JdbcUtils 48 getConnection - Enter
11 Mar 2025 10:53:36,777 TRACE ro.mpp2024.JdbcUtils 25 getNewConnection - Enter
11 Mar 2025 10:53:36,777 INFO  ro.mpp2024.JdbcUtils 30 getNewConnection - trying to connect to database ... jdbc:sqlite:C:/Users/Personal PC/Videos/UBB Info/an2/an2 sem1/metode avansate de programare/cars.db
11 Mar 2025 10:53:36,777 INFO  ro.mpp2024.JdbcUtils 31 getNewConnection - user: null
11 Mar 2025 10:53:36,777 INFO  ro.mpp2024.JdbcUtils 32 getNewConnection - pass: null
11 Mar 2025 10:53:37,263 TRACE ro.mpp2024.JdbcUtils 57 getConnection - Exit with(org.sqlite.jdbc4.JDBC4Connection@5890e879)
11 Mar 2025 10:53:37,263 TRACE ro.mpp2024.CarsDBRepository 98 add - Saved 1 instances
11 Mar 2025 10:53:37,263 TRACE ro.mpp2024.CarsDBRepository 103 add - Exit
11 Mar 2025 10:53:37,276 TRACE ro.mpp2024.CarsDBRepository 130 findAll - Enter
11 Mar 2025 10:53:37,276 TRACE ro.mpp2024.JdbcUtils 48 getConnection - Enter
11 Mar 2025 10:53:37,276 TRACE ro.mpp2024.JdbcUtils 57 getConnection - Exit with(org.sqlite.jdbc4.JDBC4Connection@5890e879)
11 Mar 2025 10:53:37,279 TRACE ro.mpp2024.CarsDBRepository 150 findAll - Exit with([Id=1 Dacia Sandero 2019, Id=2 Skoda Octavia 2020, Id=3 Tesla Model S 2019])
11 Mar 2025 10:53:37,281 TRACE ro.mpp2024.CarsDBRepository 31 findByManufacturer - Enter Finding cars by manufacturer: Tesla
11 Mar 2025 10:53:37,281 TRACE ro.mpp2024.JdbcUtils 48 getConnection - Enter
11 Mar 2025 10:53:37,281 TRACE ro.mpp2024.JdbcUtils 57 getConnection - Exit with(org.sqlite.jdbc4.JDBC4Connection@5890e879)
11 Mar 2025 10:53:37,283 TRACE ro.mpp2024.CarsDBRepository 54 findByManufacturer - Exit with([Id=3 Tesla Model S 2019])
11 Mar 2025 11:08:58,875 INFO  ro.mpp2024.CarsDBRepository 25 <init> - Initializing CarsDBRepository with properties: {jdbc.url=jdbc:sqlite:C:/Users/Personal PC/Videos/UBB Info/an2/an2 sem1/metode avansate de programare/cars.db} 
11 Mar 2025 11:08:58,892 TRACE ro.mpp2024.CarsDBRepository 90 add - Enter saving task Id=0 Tesla Model S 2019
11 Mar 2025 11:08:58,893 TRACE ro.mpp2024.JdbcUtils 48 getConnection - Enter
11 Mar 2025 11:08:58,893 TRACE ro.mpp2024.JdbcUtils 25 getNewConnection - Enter
11 Mar 2025 11:08:58,894 INFO  ro.mpp2024.JdbcUtils 30 getNewConnection - trying to connect to database ... jdbc:sqlite:C:/Users/Personal PC/Videos/UBB Info/an2/an2 sem1/metode avansate de programare/cars.db
11 Mar 2025 11:08:58,894 INFO  ro.mpp2024.JdbcUtils 31 getNewConnection - user: null
11 Mar 2025 11:08:58,895 INFO  ro.mpp2024.JdbcUtils 32 getNewConnection - pass: null
11 Mar 2025 11:08:59,343 TRACE ro.mpp2024.JdbcUtils 57 getConnection - Exit with(org.sqlite.jdbc4.JDBC4Connection@5890e879)
11 Mar 2025 11:08:59,360 TRACE ro.mpp2024.CarsDBRepository 98 add - Saved 1 instances
11 Mar 2025 11:08:59,361 TRACE ro.mpp2024.CarsDBRepository 103 add - Exit
11 Mar 2025 11:08:59,362 TRACE ro.mpp2024.CarsDBRepository 130 findAll - Enter
11 Mar 2025 11:08:59,363 TRACE ro.mpp2024.JdbcUtils 48 getConnection - Enter
11 Mar 2025 11:08:59,364 TRACE ro.mpp2024.JdbcUtils 57 getConnection - Exit with(org.sqlite.jdbc4.JDBC4Connection@5890e879)
11 Mar 2025 11:08:59,366 TRACE ro.mpp2024.CarsDBRepository 150 findAll - Exit with([Id=1 Dacia Sandero 2019, Id=2 Skoda Octavia 2020, Id=3 Tesla Model S 2019, Id=4 Tesla Model S 2019])
11 Mar 2025 11:08:59,369 TRACE ro.mpp2024.CarsDBRepository 31 findByManufacturer - Enter Finding cars by manufacturer: Tesla
11 Mar 2025 11:08:59,369 TRACE ro.mpp2024.JdbcUtils 48 getConnection - Enter
11 Mar 2025 11:08:59,370 TRACE ro.mpp2024.JdbcUtils 57 getConnection - Exit with(org.sqlite.jdbc4.JDBC4Connection@5890e879)
11 Mar 2025 11:08:59,372 TRACE ro.mpp2024.CarsDBRepository 54 findByManufacturer - Exit with([Id=3 Tesla Model S 2019, Id=4 Tesla Model S 2019])
